[noname5920181.nicepage.io/index.html]
[backblue.gif]
[fade.gif]
[index.html]
[capp.nicepage.com/eb6bc39b453c8c920ca3346ac2fda42ea3a5d110/nicepage.css]
[noname5920181.nicepage.io/nicepage-site.css]
[noname5920181.nicepage.io/index.css]
[capp.nicepage.com/eb6bc39b453c8c920ca3346ac2fda42ea3a5d110/nicepage.js]
[assets.nicepagecdn.com/a088331e/6485194/images/minecraft_title.png]
[capp.nicepage.com/assets/jquery-3.5.1.min.js]
[noname5920181.nicepage.io/Regeln.html]
[noname5920181.nicepage.io/Inhalt.html]
[noname5920181.nicepage.io/index.html]
[noname5920181.nicepage.io/Beitreten.html]
[capp.nicepage.com/eb6bc39b453c8c920ca3346ac2fda42ea3a5d110/nicepage.css]
[noname5920181.nicepage.io/nicepage-site.css]
[assets.nicepagecdn.com/a088331e/6485194/images/NoName3.png]
[assets.nicepagecdn.com/a088331e/6485194/images/youtube.png]
[assets.nicepagecdn.com/a088331e/6485194/images/discord.png]
[noname5920181.nicepage.io/index.css]
[noname5920181.nicepage.io/Content/BundledScripts/index.html]
[noname5920181.nicepage.io/recaptcha/api.c.delayed]
[noname5920181.nicepage.io/recaptcha/enterprise.js]
[noname5920181.nicepage.io/signature.png]
[capp.nicepage.com/eb6bc39b453c8c920ca3346ac2fda42ea3a5d110/nicepage.js]
[noname5920181.nicepage.io/ABCDEFGHIJKLMNOPQRSTUVWXYZabcdefghijklmnopqrstuvwxyz0123456789+/index.html]
[noname5920181.nicepage.io/Regeln.css]
[noname5920181.nicepage.io/Regeln.html]
[noname5920181.nicepage.io/Inhalt.css]
[assets.nicepagecdn.com/a088331e/6485194/images/Ores-Website-Sharp.png]
[assets.nicepagecdn.com/a088331e/6485194/images/Skyflare-Ore-Sharp.png]
[assets.nicepagecdn.com/a088331e/6485194/images/Emberite-Ore-Sharp.png]
[assets.nicepagecdn.com/a088331e/6485194/images/Mycellite-Ore-Sharp.png]
[noname5920181.nicepage.io/Inhalt.html]
[noname5920181.nicepage.io/Beitreten.css]
[assets.nicepagecdn.com/a088331e/6485194/images/Screenshot2025-04-06130716.png]
[assets.nicepagecdn.com/a088331e/6485194/images/Screenshot2025-04-06131215.png]
[noname5920181.nicepage.io/Beitreten.html]
[noname5920181.nicepage.io/Content/BundledScripts/index.html]
[noname5920181.nicepage.io/recaptcha/api.html]
[noname5920181.nicepage.io/recaptcha/enterprise.html]
[noname5920181.nicepage.io/signature.html]
[noname5920181.nicepage.io/ABCDEFGHIJKLMNOPQRSTUVWXYZabcdefghijklmnopqrstuvwxyz0123456789+/index.html]
[noname5920181.nicepage.io/Regeln.css]
[noname5920181.nicepage.io/Inhalt.css]
[noname5920181.nicepage.io/Beitreten.css]
